<?xml version="1.0" encoding="UTF-8"?>
<!-- Generated by org.testng.reporters.JUnitReportReporter -->
<testsuite skipped="0" hostname="NTB-11887" name="com.crm.qa.testcases.ContactPageTest" tests="2" failures="0" timestamp="27 Jul 2019 21:25:02 GMT" time="96.155" errors="0">
  <testcase name="CreateNewContact" time="44.267" classname="com.crm.qa.testcases.ContactPageTest"/>
  <testcase name="CreateNewContact" time="51.888" classname="com.crm.qa.testcases.ContactPageTest"/>
</testsuite> <!-- com.crm.qa.testcases.ContactPageTest -->
