<?xml version="1.0" encoding="UTF-8"?>
<!-- Generated by org.testng.reporters.JUnitReportReporter -->
<testsuite skipped="0" hostname="NTB-11887" name="com.crm.qa.testcases.HomePageTest" tests="3" failures="0" timestamp="27 Jul 2019 21:25:02 GMT" time="87.842" errors="0">
  <testcase name="verifyHomePageTitleTest" time="28.890" classname="com.crm.qa.testcases.HomePageTest"/>
  <testcase name="verifyContactLinkTest" time="30.040" classname="com.crm.qa.testcases.HomePageTest"/>
  <testcase name="verifyUserNameTest" time="28.912" classname="com.crm.qa.testcases.HomePageTest"/>
</testsuite> <!-- com.crm.qa.testcases.HomePageTest -->
