<?xml version="1.0" encoding="UTF-8"?>
<!-- Generated by org.testng.reporters.JUnitReportReporter -->
<testsuite skipped="0" hostname="ASCSBCWTL016" name="com.sysdig.qa.testcases.RegistrationPageTest" tests="1" failures="0" timestamp="01 mar 2021 22:55:41 GMT" time="1.498" errors="0">
  <testcase name="loginPageTitleTest" time="1.498" classname="com.sysdig.qa.testcases.RegistrationPageTest"/>
</testsuite> <!-- com.sysdig.qa.testcases.RegistrationPageTest -->
