<?xml version="1.0" encoding="UTF-8"?>
<!-- Generated by org.testng.reporters.JUnitReportReporter -->
<testsuite skipped="0" hostname="ASCSBCWTL016" name="com.crm.qa.testcases.LoginPageTest" tests="1" failures="0" timestamp="01 mar 2021 17:43:41 GMT" time="1.562" errors="0">
  <testcase name="loginPageTitleTest" time="1.562" classname="com.crm.qa.testcases.LoginPageTest"/>
</testsuite> <!-- com.crm.qa.testcases.LoginPageTest -->
