<?xml version="1.0" encoding="UTF-8"?>
<!-- Generated by org.testng.reporters.JUnitReportReporter -->
<testsuite skipped="1" hostname="ASCSBCWTL016" name="com.crm.qa.testcases.ContactPageTest" tests="1" failures="0" timestamp="20 apr 2020 12:07:51 GMT" time="0.000" errors="0">
  <testcase name="CreateNewContact" time="0.000" classname="com.crm.qa.testcases.ContactPageTest">
    <skipped/>
  </testcase> <!-- CreateNewContact -->
</testsuite> <!-- com.crm.qa.testcases.ContactPageTest -->
